<?xml version="1.0" encoding="UTF-8"?>
<robot generator="Robot 6.0.2 (Python 3.11.1 on win32)" generated="20230226 17:09:55.813" rpa="false" schemaversion="3">
<suite id="s1" name="Tests" source="C:\repo\Robot Framework testing framework\Tests">
<suite id="s1-s1" name="Login" source="C:\repo\Robot Framework testing framework\Tests\Login.robot">
<kw name="Open app" library="Common" type="SETUP">
<kw name="Create Webdriver" library="SeleniumLibrary">
<arg>Chrome</arg>
<doc>Creates an instance of Selenium WebDriver.</doc>
<msg timestamp="20230226 17:09:56.060" level="INFO">Creating an instance of the Chrome WebDriver.</msg>
<status status="PASS" starttime="20230226 17:09:56.060" endtime="20230226 17:09:57.308"/>
</kw>
<kw name="Go To" library="SeleniumLibrary">
<arg>${WEB_APP_URL}</arg>
<doc>Navigates the current browser window to the provided ``url``.</doc>
<msg timestamp="20230226 17:09:57.308" level="INFO">Opening url 'https://katalon-demo-cura.herokuapp.com/'</msg>
<status status="PASS" starttime="20230226 17:09:57.308" endtime="20230226 17:09:59.930"/>
</kw>
<kw name="Maximize Browser Window" library="SeleniumLibrary">
<doc>Maximizes current browser window.</doc>
<status status="PASS" starttime="20230226 17:09:59.930" endtime="20230226 17:10:00.048"/>
</kw>
<status status="PASS" starttime="20230226 17:09:56.060" endtime="20230226 17:10:00.048"/>
</kw>
<test id="s1-s1-t1" name="Test-1: Invalid login to CURA selfcare service" line="14">
<kw name="Template - Invalid credentials">
<arg>invalid_username</arg>
<arg>${PASSWORD}</arg>
<kw name="GIVEN Main page is available">
<kw name="get main page Make Appointment button selector" library="MainPage">
<var>${main_page}</var>
<msg timestamp="20230226 17:10:00.048" level="INFO">${main_page} = btn-make-appointment</msg>
<status status="PASS" starttime="20230226 17:10:00.048" endtime="20230226 17:10:00.048"/>
</kw>
<kw name="Wait Until Element Is Visible" library="SeleniumLibrary">
<arg>${main_page}</arg>
<arg>timeout=${DEFAULT_TIMEOUT}</arg>
<doc>Waits until the element ``locator`` is visible.</doc>
<status status="PASS" starttime="20230226 17:10:00.048" endtime="20230226 17:10:00.080"/>
</kw>
<status status="PASS" starttime="20230226 17:10:00.048" endtime="20230226 17:10:00.080"/>
</kw>
<kw name="WHEN Users goes to Login page">
<kw name="Go to Login page" library="MainPage">
<kw name="Expand Menu if hidden" library="MainPage">
<kw name="get menu button selector" library="MainPage">
<var>${menu_button}</var>
<msg timestamp="20230226 17:10:00.080" level="INFO">${menu_button} = menu-toggle</msg>
<status status="PASS" starttime="20230226 17:10:00.080" endtime="20230226 17:10:00.080"/>
</kw>
<kw name="get menu panel selector" library="MainPage">
<var>${menu_panel}</var>
<doc>By defualt returns expanded menu panel selector</doc>
<if>
<branch type="IF" condition="${active}">
<return>
<value>//*[@id="sidebar-wrapper"][@class="active"]</value>
<status status="PASS" starttime="20230226 17:10:00.080" endtime="20230226 17:10:00.080"/>
</return>
<status status="PASS" starttime="20230226 17:10:00.080" endtime="20230226 17:10:00.080"/>
</branch>
<branch type="ELSE">
<return>
<value>sidebar-wrapper</value>
<status status="NOT RUN" starttime="20230226 17:10:00.080" endtime="20230226 17:10:00.080"/>
</return>
<status status="NOT RUN" starttime="20230226 17:10:00.080" endtime="20230226 17:10:00.080"/>
</branch>
<status status="PASS" starttime="20230226 17:10:00.080" endtime="20230226 17:10:00.080"/>
</if>
<msg timestamp="20230226 17:10:00.080" level="INFO">${menu_panel} = //*[@id="sidebar-wrapper"][@class="active"]</msg>
<status status="PASS" starttime="20230226 17:10:00.080" endtime="20230226 17:10:00.080"/>
</kw>
<kw name="Run Keyword And Return Status" library="BuiltIn">
<var>${is_menu_panel_hidden}</var>
<arg>Element should be visible</arg>
<arg>${menu_panel}</arg>
<doc>Runs the given keyword with given arguments and returns the status as a Boolean value.</doc>
<kw name="Element Should Be Visible" library="SeleniumLibrary">
<arg>${menu_panel}</arg>
<doc>Verifies that the element identified by ``locator`` is visible.</doc>
<msg timestamp="20230226 17:10:00.092" level="FAIL">Element with locator '//*[@id="sidebar-wrapper"][@class="active"]' not found.</msg>
<status status="FAIL" starttime="20230226 17:10:00.080" endtime="20230226 17:10:00.096"/>
</kw>
<msg timestamp="20230226 17:10:00.096" level="INFO">${is_menu_panel_hidden} = False</msg>
<status status="PASS" starttime="20230226 17:10:00.080" endtime="20230226 17:10:00.096"/>
</kw>
<if>
<branch type="IF" condition="${is_menu_panel_hidden}==${FALSE}">
<kw name="Click Element" library="SeleniumLibrary">
<arg>${menu_button}</arg>
<doc>Click the element identified by ``locator``.</doc>
<msg timestamp="20230226 17:10:00.096" level="INFO">Clicking element 'menu-toggle'.</msg>
<status status="PASS" starttime="20230226 17:10:00.096" endtime="20230226 17:10:00.137"/>
</kw>
<status status="PASS" starttime="20230226 17:10:00.096" endtime="20230226 17:10:00.137"/>
</branch>
<status status="PASS" starttime="20230226 17:10:00.096" endtime="20230226 17:10:00.137"/>
</if>
<kw name="Wait Until Element Is Visible" library="SeleniumLibrary">
<arg>${menu_panel}</arg>
<doc>Waits until the element ``locator`` is visible.</doc>
<status status="PASS" starttime="20230226 17:10:00.137" endtime="20230226 17:10:00.154"/>
</kw>
<status status="PASS" starttime="20230226 17:10:00.080" endtime="20230226 17:10:00.154"/>
</kw>
<kw name="get menu option selector" library="MainPage">
<var>${login_option}</var>
<arg>Login</arg>
<doc>Accepts ${option}: Home, Login.</doc>
<msg timestamp="20230226 17:10:00.154" level="INFO">${login_option} = //*[@id="sidebar-wrapper"]//*[text()="Login"]</msg>
<status status="PASS" starttime="20230226 17:10:00.154" endtime="20230226 17:10:00.154"/>
</kw>
<kw name="get Login button selector" library="LoginPage">
<var>${login_button}</var>
<msg timestamp="20230226 17:10:00.154" level="INFO">${login_button} = btn-login</msg>
<status status="PASS" starttime="20230226 17:10:00.154" endtime="20230226 17:10:00.154"/>
</kw>
<kw name="Click Element" library="SeleniumLibrary">
<arg>${login_option}</arg>
<doc>Click the element identified by ``locator``.</doc>
<msg timestamp="20230226 17:10:00.154" level="INFO">Clicking element '//*[@id="sidebar-wrapper"]//*[text()="Login"]'.</msg>
<status status="PASS" starttime="20230226 17:10:00.154" endtime="20230226 17:10:00.429"/>
</kw>
<kw name="Wait Until Element Is Visible" library="SeleniumLibrary">
<arg>${login_button}</arg>
<doc>Waits until the element ``locator`` is visible.</doc>
<status status="PASS" starttime="20230226 17:10:00.429" endtime="20230226 17:10:00.461"/>
</kw>
<status status="PASS" starttime="20230226 17:10:00.080" endtime="20230226 17:10:00.461"/>
</kw>
<status status="PASS" starttime="20230226 17:10:00.080" endtime="20230226 17:10:00.461"/>
</kw>
<kw name="AND User enters login credentials">
<arg>${username}</arg>
<arg>${password}</arg>
<kw name="Enter login credentials" library="LoginPage">
<arg>${username}</arg>
<arg>${password}</arg>
<kw name="Enter login" library="LoginPage">
<arg>${username}</arg>
<kw name="get login input selector" library="LoginPage">
<var>${login_input}</var>
<msg timestamp="20230226 17:10:00.461" level="INFO">${login_input} = txt-username</msg>
<status status="PASS" starttime="20230226 17:10:00.461" endtime="20230226 17:10:00.461"/>
</kw>
<kw name="Input Text" library="SeleniumLibrary">
<arg>${login_input}</arg>
<arg>${username}</arg>
<doc>Types the given ``text`` into the text field identified by ``locator``.</doc>
<msg timestamp="20230226 17:10:00.461" level="INFO">Typing text 'invalid_username' into text field 'txt-username'.</msg>
<status status="PASS" starttime="20230226 17:10:00.461" endtime="20230226 17:10:00.551"/>
</kw>
<status status="PASS" starttime="20230226 17:10:00.461" endtime="20230226 17:10:00.551"/>
</kw>
<kw name="Enter password" library="LoginPage">
<arg>${password}</arg>
<kw name="get password input selector" library="LoginPage">
<var>${password_input}</var>
<msg timestamp="20230226 17:10:00.551" level="INFO">${password_input} = txt-password</msg>
<status status="PASS" starttime="20230226 17:10:00.551" endtime="20230226 17:10:00.551"/>
</kw>
<kw name="Input Text" library="SeleniumLibrary">
<arg>${password_input}</arg>
<arg>${password}</arg>
<doc>Types the given ``text`` into the text field identified by ``locator``.</doc>
<msg timestamp="20230226 17:10:00.551" level="INFO">Typing text 'ThisIsNotAPassword' into text field 'txt-password'.</msg>
<status status="PASS" starttime="20230226 17:10:00.551" endtime="20230226 17:10:00.640"/>
</kw>
<status status="PASS" starttime="20230226 17:10:00.551" endtime="20230226 17:10:00.640"/>
</kw>
<status status="PASS" starttime="20230226 17:10:00.461" endtime="20230226 17:10:00.640"/>
</kw>
<status status="PASS" starttime="20230226 17:10:00.461" endtime="20230226 17:10:00.640"/>
</kw>
<kw name="AND User clicks on Login button">
<kw name="Click on Login button" library="LoginPage">
<kw name="get Login button selector" library="LoginPage">
<var>${login_button}</var>
<msg timestamp="20230226 17:10:00.640" level="INFO">${login_button} = btn-login</msg>
<status status="PASS" starttime="20230226 17:10:00.640" endtime="20230226 17:10:00.640"/>
</kw>
<kw name="Click Element" library="SeleniumLibrary">
<arg>${login_button}</arg>
<doc>Click the element identified by ``locator``.</doc>
<msg timestamp="20230226 17:10:00.640" level="INFO">Clicking element 'btn-login'.</msg>
<status status="PASS" starttime="20230226 17:10:00.640" endtime="20230226 17:10:01.595"/>
</kw>
<status status="PASS" starttime="20230226 17:10:00.640" endtime="20230226 17:10:01.595"/>
</kw>
<status status="PASS" starttime="20230226 17:10:00.640" endtime="20230226 17:10:01.595"/>
</kw>
<kw name="THEN Expected validation message is displayed to user">
<kw name="Run Keyword" library="BuiltIn">
<var>${expected_msg}</var>
<arg>MainPage.get ${expected_msg_alias} message</arg>
<doc>Executes the given keyword with the given arguments.</doc>
<kw name="get Login failed message" library="MainPage">
<status status="PASS" starttime="20230226 17:10:01.595" endtime="20230226 17:10:01.595"/>
</kw>
<msg timestamp="20230226 17:10:01.595" level="INFO">${expected_msg} = Login failed! Please ensure the username and password are valid.</msg>
<status status="PASS" starttime="20230226 17:10:01.595" endtime="20230226 17:10:01.595"/>
</kw>
<kw name="get Login failed message selector" library="MainPage">
<var>${error_msg}</var>
<msg timestamp="20230226 17:10:01.601" level="INFO">${error_msg} = //*[@class="lead text-danger"]</msg>
<status status="PASS" starttime="20230226 17:10:01.595" endtime="20230226 17:10:01.601"/>
</kw>
<kw name="Element Should Be Visible" library="SeleniumLibrary">
<arg>${error_msg}</arg>
<arg>msg=Error message is not displayed at all!</arg>
<doc>Verifies that the element identified by ``locator`` is visible.</doc>
<msg timestamp="20230226 17:10:01.635" level="INFO">Element '//*[@class="lead text-danger"]' is displayed.</msg>
<status status="PASS" starttime="20230226 17:10:01.601" endtime="20230226 17:10:01.635"/>
</kw>
<kw name="Get Text" library="SeleniumLibrary">
<var>${current_error_msg}</var>
<arg>${error_msg}</arg>
<doc>Returns the text value of the element identified by ``locator``.</doc>
<msg timestamp="20230226 17:10:01.658" level="INFO">${current_error_msg} = Login failed! Please ensure the username and password are valid.</msg>
<status status="PASS" starttime="20230226 17:10:01.635" endtime="20230226 17:10:01.658"/>
</kw>
<kw name="Should Be Equal As Strings" library="BuiltIn">
<arg>${current_error_msg}</arg>
<arg>${expected_msg}</arg>
<arg>msg=Validation message is not as expected!</arg>
<doc>Fails if objects are unequal after converting them to strings.</doc>
<status status="PASS" starttime="20230226 17:10:01.658" endtime="20230226 17:10:01.658"/>
</kw>
<status status="PASS" starttime="20230226 17:10:01.595" endtime="20230226 17:10:01.658"/>
</kw>
<status status="PASS" starttime="20230226 17:10:00.048" endtime="20230226 17:10:01.658"/>
</kw>
<kw name="Template - Invalid credentials">
<arg>${USERNAME}</arg>
<arg>invalid_pass</arg>
<kw name="GIVEN Main page is available">
<kw name="get main page Make Appointment button selector" library="MainPage">
<var>${main_page}</var>
<msg timestamp="20230226 17:10:01.658" level="INFO">${main_page} = btn-make-appointment</msg>
<status status="PASS" starttime="20230226 17:10:01.658" endtime="20230226 17:10:01.658"/>
</kw>
<kw name="Wait Until Element Is Visible" library="SeleniumLibrary">
<arg>${main_page}</arg>
<arg>timeout=${DEFAULT_TIMEOUT}</arg>
<doc>Waits until the element ``locator`` is visible.</doc>
<status status="PASS" starttime="20230226 17:10:01.658" endtime="20230226 17:10:01.678"/>
</kw>
<status status="PASS" starttime="20230226 17:10:01.658" endtime="20230226 17:10:01.678"/>
</kw>
<kw name="WHEN Users goes to Login page">
<kw name="Go to Login page" library="MainPage">
<kw name="Expand Menu if hidden" library="MainPage">
<kw name="get menu button selector" library="MainPage">
<var>${menu_button}</var>
<msg timestamp="20230226 17:10:01.680" level="INFO">${menu_button} = menu-toggle</msg>
<status status="PASS" starttime="20230226 17:10:01.680" endtime="20230226 17:10:01.680"/>
</kw>
<kw name="get menu panel selector" library="MainPage">
<var>${menu_panel}</var>
<doc>By defualt returns expanded menu panel selector</doc>
<if>
<branch type="IF" condition="${active}">
<return>
<value>//*[@id="sidebar-wrapper"][@class="active"]</value>
<status status="PASS" starttime="20230226 17:10:01.680" endtime="20230226 17:10:01.680"/>
</return>
<status status="PASS" starttime="20230226 17:10:01.680" endtime="20230226 17:10:01.680"/>
</branch>
<branch type="ELSE">
<return>
<value>sidebar-wrapper</value>
<status status="NOT RUN" starttime="20230226 17:10:01.680" endtime="20230226 17:10:01.680"/>
</return>
<status status="NOT RUN" starttime="20230226 17:10:01.680" endtime="20230226 17:10:01.680"/>
</branch>
<status status="PASS" starttime="20230226 17:10:01.680" endtime="20230226 17:10:01.680"/>
</if>
<msg timestamp="20230226 17:10:01.680" level="INFO">${menu_panel} = //*[@id="sidebar-wrapper"][@class="active"]</msg>
<status status="PASS" starttime="20230226 17:10:01.680" endtime="20230226 17:10:01.680"/>
</kw>
<kw name="Run Keyword And Return Status" library="BuiltIn">
<var>${is_menu_panel_hidden}</var>
<arg>Element should be visible</arg>
<arg>${menu_panel}</arg>
<doc>Runs the given keyword with given arguments and returns the status as a Boolean value.</doc>
<kw name="Element Should Be Visible" library="SeleniumLibrary">
<arg>${menu_panel}</arg>
<doc>Verifies that the element identified by ``locator`` is visible.</doc>
<msg timestamp="20230226 17:10:01.683" level="FAIL">Element with locator '//*[@id="sidebar-wrapper"][@class="active"]' not found.</msg>
<status status="FAIL" starttime="20230226 17:10:01.680" endtime="20230226 17:10:01.683"/>
</kw>
<msg timestamp="20230226 17:10:01.683" level="INFO">${is_menu_panel_hidden} = False</msg>
<status status="PASS" starttime="20230226 17:10:01.680" endtime="20230226 17:10:01.683"/>
</kw>
<if>
<branch type="IF" condition="${is_menu_panel_hidden}==${FALSE}">
<kw name="Click Element" library="SeleniumLibrary">
<arg>${menu_button}</arg>
<doc>Click the element identified by ``locator``.</doc>
<msg timestamp="20230226 17:10:01.690" level="INFO">Clicking element 'menu-toggle'.</msg>
<status status="PASS" starttime="20230226 17:10:01.683" endtime="20230226 17:10:01.722"/>
</kw>
<status status="PASS" starttime="20230226 17:10:01.683" endtime="20230226 17:10:01.722"/>
</branch>
<status status="PASS" starttime="20230226 17:10:01.683" endtime="20230226 17:10:01.722"/>
</if>
<kw name="Wait Until Element Is Visible" library="SeleniumLibrary">
<arg>${menu_panel}</arg>
<doc>Waits until the element ``locator`` is visible.</doc>
<status status="PASS" starttime="20230226 17:10:01.722" endtime="20230226 17:10:01.730"/>
</kw>
<status status="PASS" starttime="20230226 17:10:01.680" endtime="20230226 17:10:01.730"/>
</kw>
<kw name="get menu option selector" library="MainPage">
<var>${login_option}</var>
<arg>Login</arg>
<doc>Accepts ${option}: Home, Login.</doc>
<msg timestamp="20230226 17:10:01.739" level="INFO">${login_option} = //*[@id="sidebar-wrapper"]//*[text()="Login"]</msg>
<status status="PASS" starttime="20230226 17:10:01.739" endtime="20230226 17:10:01.739"/>
</kw>
<kw name="get Login button selector" library="LoginPage">
<var>${login_button}</var>
<msg timestamp="20230226 17:10:01.739" level="INFO">${login_button} = btn-login</msg>
<status status="PASS" starttime="20230226 17:10:01.739" endtime="20230226 17:10:01.739"/>
</kw>
<kw name="Click Element" library="SeleniumLibrary">
<arg>${login_option}</arg>
<doc>Click the element identified by ``locator``.</doc>
<msg timestamp="20230226 17:10:01.739" level="INFO">Clicking element '//*[@id="sidebar-wrapper"]//*[text()="Login"]'.</msg>
<status status="PASS" starttime="20230226 17:10:01.739" endtime="20230226 17:10:01.772"/>
</kw>
<kw name="Wait Until Element Is Visible" library="SeleniumLibrary">
<arg>${login_button}</arg>
<doc>Waits until the element ``locator`` is visible.</doc>
<status status="PASS" starttime="20230226 17:10:01.772" endtime="20230226 17:10:01.788"/>
</kw>
<status status="PASS" starttime="20230226 17:10:01.678" endtime="20230226 17:10:01.788"/>
</kw>
<status status="PASS" starttime="20230226 17:10:01.678" endtime="20230226 17:10:01.788"/>
</kw>
<kw name="AND User enters login credentials">
<arg>${username}</arg>
<arg>${password}</arg>
<kw name="Enter login credentials" library="LoginPage">
<arg>${username}</arg>
<arg>${password}</arg>
<kw name="Enter login" library="LoginPage">
<arg>${username}</arg>
<kw name="get login input selector" library="LoginPage">
<var>${login_input}</var>
<msg timestamp="20230226 17:10:01.788" level="INFO">${login_input} = txt-username</msg>
<status status="PASS" starttime="20230226 17:10:01.788" endtime="20230226 17:10:01.788"/>
</kw>
<kw name="Input Text" library="SeleniumLibrary">
<arg>${login_input}</arg>
<arg>${username}</arg>
<doc>Types the given ``text`` into the text field identified by ``locator``.</doc>
<msg timestamp="20230226 17:10:01.788" level="INFO">Typing text 'John Doe' into text field 'txt-username'.</msg>
<status status="PASS" starttime="20230226 17:10:01.788" endtime="20230226 17:10:01.862"/>
</kw>
<status status="PASS" starttime="20230226 17:10:01.788" endtime="20230226 17:10:01.862"/>
</kw>
<kw name="Enter password" library="LoginPage">
<arg>${password}</arg>
<kw name="get password input selector" library="LoginPage">
<var>${password_input}</var>
<msg timestamp="20230226 17:10:01.862" level="INFO">${password_input} = txt-password</msg>
<status status="PASS" starttime="20230226 17:10:01.862" endtime="20230226 17:10:01.862"/>
</kw>
<kw name="Input Text" library="SeleniumLibrary">
<arg>${password_input}</arg>
<arg>${password}</arg>
<doc>Types the given ``text`` into the text field identified by ``locator``.</doc>
<msg timestamp="20230226 17:10:01.862" level="INFO">Typing text 'invalid_pass' into text field 'txt-password'.</msg>
<status status="PASS" starttime="20230226 17:10:01.862" endtime="20230226 17:10:01.943"/>
</kw>
<status status="PASS" starttime="20230226 17:10:01.862" endtime="20230226 17:10:01.943"/>
</kw>
<status status="PASS" starttime="20230226 17:10:01.788" endtime="20230226 17:10:01.943"/>
</kw>
<status status="PASS" starttime="20230226 17:10:01.788" endtime="20230226 17:10:01.943"/>
</kw>
<kw name="AND User clicks on Login button">
<kw name="Click on Login button" library="LoginPage">
<kw name="get Login button selector" library="LoginPage">
<var>${login_button}</var>
<msg timestamp="20230226 17:10:01.944" level="INFO">${login_button} = btn-login</msg>
<status status="PASS" starttime="20230226 17:10:01.944" endtime="20230226 17:10:01.944"/>
</kw>
<kw name="Click Element" library="SeleniumLibrary">
<arg>${login_button}</arg>
<doc>Click the element identified by ``locator``.</doc>
<msg timestamp="20230226 17:10:01.944" level="INFO">Clicking element 'btn-login'.</msg>
<status status="PASS" starttime="20230226 17:10:01.944" endtime="20230226 17:10:02.477"/>
</kw>
<status status="PASS" starttime="20230226 17:10:01.944" endtime="20230226 17:10:02.477"/>
</kw>
<status status="PASS" starttime="20230226 17:10:01.943" endtime="20230226 17:10:02.477"/>
</kw>
<kw name="THEN Expected validation message is displayed to user">
<kw name="Run Keyword" library="BuiltIn">
<var>${expected_msg}</var>
<arg>MainPage.get ${expected_msg_alias} message</arg>
<doc>Executes the given keyword with the given arguments.</doc>
<kw name="get Login failed message" library="MainPage">
<status status="PASS" starttime="20230226 17:10:02.479" endtime="20230226 17:10:02.479"/>
</kw>
<msg timestamp="20230226 17:10:02.479" level="INFO">${expected_msg} = Login failed! Please ensure the username and password are valid.</msg>
<status status="PASS" starttime="20230226 17:10:02.477" endtime="20230226 17:10:02.479"/>
</kw>
<kw name="get Login failed message selector" library="MainPage">
<var>${error_msg}</var>
<msg timestamp="20230226 17:10:02.479" level="INFO">${error_msg} = //*[@class="lead text-danger"]</msg>
<status status="PASS" starttime="20230226 17:10:02.479" endtime="20230226 17:10:02.479"/>
</kw>
<kw name="Element Should Be Visible" library="SeleniumLibrary">
<arg>${error_msg}</arg>
<arg>msg=Error message is not displayed at all!</arg>
<doc>Verifies that the element identified by ``locator`` is visible.</doc>
<msg timestamp="20230226 17:10:02.519" level="INFO">Element '//*[@class="lead text-danger"]' is displayed.</msg>
<status status="PASS" starttime="20230226 17:10:02.479" endtime="20230226 17:10:02.519"/>
</kw>
<kw name="Get Text" library="SeleniumLibrary">
<var>${current_error_msg}</var>
<arg>${error_msg}</arg>
<doc>Returns the text value of the element identified by ``locator``.</doc>
<msg timestamp="20230226 17:10:02.536" level="INFO">${current_error_msg} = Login failed! Please ensure the username and password are valid.</msg>
<status status="PASS" starttime="20230226 17:10:02.519" endtime="20230226 17:10:02.536"/>
</kw>
<kw name="Should Be Equal As Strings" library="BuiltIn">
<arg>${current_error_msg}</arg>
<arg>${expected_msg}</arg>
<arg>msg=Validation message is not as expected!</arg>
<doc>Fails if objects are unequal after converting them to strings.</doc>
<status status="PASS" starttime="20230226 17:10:02.536" endtime="20230226 17:10:02.536"/>
</kw>
<status status="PASS" starttime="20230226 17:10:02.477" endtime="20230226 17:10:02.536"/>
</kw>
<status status="PASS" starttime="20230226 17:10:01.658" endtime="20230226 17:10:02.536"/>
</kw>
<kw name="Template - Invalid credentials">
<arg>${EMPTY}</arg>
<arg>${PASSWORD}</arg>
<kw name="GIVEN Main page is available">
<kw name="get main page Make Appointment button selector" library="MainPage">
<var>${main_page}</var>
<msg timestamp="20230226 17:10:02.536" level="INFO">${main_page} = btn-make-appointment</msg>
<status status="PASS" starttime="20230226 17:10:02.536" endtime="20230226 17:10:02.536"/>
</kw>
<kw name="Wait Until Element Is Visible" library="SeleniumLibrary">
<arg>${main_page}</arg>
<arg>timeout=${DEFAULT_TIMEOUT}</arg>
<doc>Waits until the element ``locator`` is visible.</doc>
<status status="PASS" starttime="20230226 17:10:02.536" endtime="20230226 17:10:02.557"/>
</kw>
<status status="PASS" starttime="20230226 17:10:02.536" endtime="20230226 17:10:02.557"/>
</kw>
<kw name="WHEN Users goes to Login page">
<kw name="Go to Login page" library="MainPage">
<kw name="Expand Menu if hidden" library="MainPage">
<kw name="get menu button selector" library="MainPage">
<var>${menu_button}</var>
<msg timestamp="20230226 17:10:02.557" level="INFO">${menu_button} = menu-toggle</msg>
<status status="PASS" starttime="20230226 17:10:02.557" endtime="20230226 17:10:02.557"/>
</kw>
<kw name="get menu panel selector" library="MainPage">
<var>${menu_panel}</var>
<doc>By defualt returns expanded menu panel selector</doc>
<if>
<branch type="IF" condition="${active}">
<return>
<value>//*[@id="sidebar-wrapper"][@class="active"]</value>
<status status="PASS" starttime="20230226 17:10:02.557" endtime="20230226 17:10:02.557"/>
</return>
<status status="PASS" starttime="20230226 17:10:02.557" endtime="20230226 17:10:02.557"/>
</branch>
<branch type="ELSE">
<return>
<value>sidebar-wrapper</value>
<status status="NOT RUN" starttime="20230226 17:10:02.557" endtime="20230226 17:10:02.557"/>
</return>
<status status="NOT RUN" starttime="20230226 17:10:02.557" endtime="20230226 17:10:02.557"/>
</branch>
<status status="PASS" starttime="20230226 17:10:02.557" endtime="20230226 17:10:02.557"/>
</if>
<msg timestamp="20230226 17:10:02.557" level="INFO">${menu_panel} = //*[@id="sidebar-wrapper"][@class="active"]</msg>
<status status="PASS" starttime="20230226 17:10:02.557" endtime="20230226 17:10:02.557"/>
</kw>
<kw name="Run Keyword And Return Status" library="BuiltIn">
<var>${is_menu_panel_hidden}</var>
<arg>Element should be visible</arg>
<arg>${menu_panel}</arg>
<doc>Runs the given keyword with given arguments and returns the status as a Boolean value.</doc>
<kw name="Element Should Be Visible" library="SeleniumLibrary">
<arg>${menu_panel}</arg>
<doc>Verifies that the element identified by ``locator`` is visible.</doc>
<msg timestamp="20230226 17:10:02.568" level="FAIL">Element with locator '//*[@id="sidebar-wrapper"][@class="active"]' not found.</msg>
<status status="FAIL" starttime="20230226 17:10:02.557" endtime="20230226 17:10:02.568"/>
</kw>
<msg timestamp="20230226 17:10:02.568" level="INFO">${is_menu_panel_hidden} = False</msg>
<status status="PASS" starttime="20230226 17:10:02.557" endtime="20230226 17:10:02.568"/>
</kw>
<if>
<branch type="IF" condition="${is_menu_panel_hidden}==${FALSE}">
<kw name="Click Element" library="SeleniumLibrary">
<arg>${menu_button}</arg>
<doc>Click the element identified by ``locator``.</doc>
<msg timestamp="20230226 17:10:02.569" level="INFO">Clicking element 'menu-toggle'.</msg>
<status status="PASS" starttime="20230226 17:10:02.569" endtime="20230226 17:10:02.607"/>
</kw>
<status status="PASS" starttime="20230226 17:10:02.568" endtime="20230226 17:10:02.607"/>
</branch>
<status status="PASS" starttime="20230226 17:10:02.568" endtime="20230226 17:10:02.607"/>
</if>
<kw name="Wait Until Element Is Visible" library="SeleniumLibrary">
<arg>${menu_panel}</arg>
<doc>Waits until the element ``locator`` is visible.</doc>
<status status="PASS" starttime="20230226 17:10:02.607" endtime="20230226 17:10:02.627"/>
</kw>
<status status="PASS" starttime="20230226 17:10:02.557" endtime="20230226 17:10:02.627"/>
</kw>
<kw name="get menu option selector" library="MainPage">
<var>${login_option}</var>
<arg>Login</arg>
<doc>Accepts ${option}: Home, Login.</doc>
<msg timestamp="20230226 17:10:02.627" level="INFO">${login_option} = //*[@id="sidebar-wrapper"]//*[text()="Login"]</msg>
<status status="PASS" starttime="20230226 17:10:02.627" endtime="20230226 17:10:02.627"/>
</kw>
<kw name="get Login button selector" library="LoginPage">
<var>${login_button}</var>
<msg timestamp="20230226 17:10:02.628" level="INFO">${login_button} = btn-login</msg>
<status status="PASS" starttime="20230226 17:10:02.628" endtime="20230226 17:10:02.628"/>
</kw>
<kw name="Click Element" library="SeleniumLibrary">
<arg>${login_option}</arg>
<doc>Click the element identified by ``locator``.</doc>
<msg timestamp="20230226 17:10:02.628" level="INFO">Clicking element '//*[@id="sidebar-wrapper"]//*[text()="Login"]'.</msg>
<status status="PASS" starttime="20230226 17:10:02.628" endtime="20230226 17:10:02.665"/>
</kw>
<kw name="Wait Until Element Is Visible" library="SeleniumLibrary">
<arg>${login_button}</arg>
<doc>Waits until the element ``locator`` is visible.</doc>
<status status="PASS" starttime="20230226 17:10:02.665" endtime="20230226 17:10:02.676"/>
</kw>
<status status="PASS" starttime="20230226 17:10:02.557" endtime="20230226 17:10:02.676"/>
</kw>
<status status="PASS" starttime="20230226 17:10:02.557" endtime="20230226 17:10:02.676"/>
</kw>
<kw name="AND User enters login credentials">
<arg>${username}</arg>
<arg>${password}</arg>
<kw name="Enter login credentials" library="LoginPage">
<arg>${username}</arg>
<arg>${password}</arg>
<kw name="Enter login" library="LoginPage">
<arg>${username}</arg>
<kw name="get login input selector" library="LoginPage">
<var>${login_input}</var>
<msg timestamp="20230226 17:10:02.684" level="INFO">${login_input} = txt-username</msg>
<status status="PASS" starttime="20230226 17:10:02.684" endtime="20230226 17:10:02.684"/>
</kw>
<kw name="Input Text" library="SeleniumLibrary">
<arg>${login_input}</arg>
<arg>${username}</arg>
<doc>Types the given ``text`` into the text field identified by ``locator``.</doc>
<msg timestamp="20230226 17:10:02.684" level="INFO">Typing text '' into text field 'txt-username'.</msg>
<status status="PASS" starttime="20230226 17:10:02.684" endtime="20230226 17:10:02.740"/>
</kw>
<status status="PASS" starttime="20230226 17:10:02.676" endtime="20230226 17:10:02.740"/>
</kw>
<kw name="Enter password" library="LoginPage">
<arg>${password}</arg>
<kw name="get password input selector" library="LoginPage">
<var>${password_input}</var>
<msg timestamp="20230226 17:10:02.740" level="INFO">${password_input} = txt-password</msg>
<status status="PASS" starttime="20230226 17:10:02.740" endtime="20230226 17:10:02.740"/>
</kw>
<kw name="Input Text" library="SeleniumLibrary">
<arg>${password_input}</arg>
<arg>${password}</arg>
<doc>Types the given ``text`` into the text field identified by ``locator``.</doc>
<msg timestamp="20230226 17:10:02.740" level="INFO">Typing text 'ThisIsNotAPassword' into text field 'txt-password'.</msg>
<status status="PASS" starttime="20230226 17:10:02.740" endtime="20230226 17:10:02.821"/>
</kw>
<status status="PASS" starttime="20230226 17:10:02.740" endtime="20230226 17:10:02.821"/>
</kw>
<status status="PASS" starttime="20230226 17:10:02.676" endtime="20230226 17:10:02.821"/>
</kw>
<status status="PASS" starttime="20230226 17:10:02.676" endtime="20230226 17:10:02.821"/>
</kw>
<kw name="AND User clicks on Login button">
<kw name="Click on Login button" library="LoginPage">
<kw name="get Login button selector" library="LoginPage">
<var>${login_button}</var>
<msg timestamp="20230226 17:10:02.821" level="INFO">${login_button} = btn-login</msg>
<status status="PASS" starttime="20230226 17:10:02.821" endtime="20230226 17:10:02.821"/>
</kw>
<kw name="Click Element" library="SeleniumLibrary">
<arg>${login_button}</arg>
<doc>Click the element identified by ``locator``.</doc>
<msg timestamp="20230226 17:10:02.821" level="INFO">Clicking element 'btn-login'.</msg>
<status status="PASS" starttime="20230226 17:10:02.821" endtime="20230226 17:10:03.357"/>
</kw>
<status status="PASS" starttime="20230226 17:10:02.821" endtime="20230226 17:10:03.357"/>
</kw>
<status status="PASS" starttime="20230226 17:10:02.821" endtime="20230226 17:10:03.357"/>
</kw>
<kw name="THEN Expected validation message is displayed to user">
<kw name="Run Keyword" library="BuiltIn">
<var>${expected_msg}</var>
<arg>MainPage.get ${expected_msg_alias} message</arg>
<doc>Executes the given keyword with the given arguments.</doc>
<kw name="get Login failed message" library="MainPage">
<status status="PASS" starttime="20230226 17:10:03.362" endtime="20230226 17:10:03.362"/>
</kw>
<msg timestamp="20230226 17:10:03.362" level="INFO">${expected_msg} = Login failed! Please ensure the username and password are valid.</msg>
<status status="PASS" starttime="20230226 17:10:03.357" endtime="20230226 17:10:03.362"/>
</kw>
<kw name="get Login failed message selector" library="MainPage">
<var>${error_msg}</var>
<msg timestamp="20230226 17:10:03.362" level="INFO">${error_msg} = //*[@class="lead text-danger"]</msg>
<status status="PASS" starttime="20230226 17:10:03.362" endtime="20230226 17:10:03.362"/>
</kw>
<kw name="Element Should Be Visible" library="SeleniumLibrary">
<arg>${error_msg}</arg>
<arg>msg=Error message is not displayed at all!</arg>
<doc>Verifies that the element identified by ``locator`` is visible.</doc>
<msg timestamp="20230226 17:10:03.397" level="INFO">Element '//*[@class="lead text-danger"]' is displayed.</msg>
<status status="PASS" starttime="20230226 17:10:03.362" endtime="20230226 17:10:03.397"/>
</kw>
<kw name="Get Text" library="SeleniumLibrary">
<var>${current_error_msg}</var>
<arg>${error_msg}</arg>
<doc>Returns the text value of the element identified by ``locator``.</doc>
<msg timestamp="20230226 17:10:03.422" level="INFO">${current_error_msg} = Login failed! Please ensure the username and password are valid.</msg>
<status status="PASS" starttime="20230226 17:10:03.397" endtime="20230226 17:10:03.422"/>
</kw>
<kw name="Should Be Equal As Strings" library="BuiltIn">
<arg>${current_error_msg}</arg>
<arg>${expected_msg}</arg>
<arg>msg=Validation message is not as expected!</arg>
<doc>Fails if objects are unequal after converting them to strings.</doc>
<status status="PASS" starttime="20230226 17:10:03.422" endtime="20230226 17:10:03.422"/>
</kw>
<status status="PASS" starttime="20230226 17:10:03.357" endtime="20230226 17:10:03.422"/>
</kw>
<status status="PASS" starttime="20230226 17:10:02.536" endtime="20230226 17:10:03.422"/>
</kw>
<kw name="Template - Invalid credentials">
<arg>${USERNAME}</arg>
<arg>${EMPTY}</arg>
<kw name="GIVEN Main page is available">
<kw name="get main page Make Appointment button selector" library="MainPage">
<var>${main_page}</var>
<msg timestamp="20230226 17:10:03.422" level="INFO">${main_page} = btn-make-appointment</msg>
<status status="PASS" starttime="20230226 17:10:03.422" endtime="20230226 17:10:03.422"/>
</kw>
<kw name="Wait Until Element Is Visible" library="SeleniumLibrary">
<arg>${main_page}</arg>
<arg>timeout=${DEFAULT_TIMEOUT}</arg>
<doc>Waits until the element ``locator`` is visible.</doc>
<status status="PASS" starttime="20230226 17:10:03.422" endtime="20230226 17:10:03.435"/>
</kw>
<status status="PASS" starttime="20230226 17:10:03.422" endtime="20230226 17:10:03.435"/>
</kw>
<kw name="WHEN Users goes to Login page">
<kw name="Go to Login page" library="MainPage">
<kw name="Expand Menu if hidden" library="MainPage">
<kw name="get menu button selector" library="MainPage">
<var>${menu_button}</var>
<msg timestamp="20230226 17:10:03.435" level="INFO">${menu_button} = menu-toggle</msg>
<status status="PASS" starttime="20230226 17:10:03.435" endtime="20230226 17:10:03.435"/>
</kw>
<kw name="get menu panel selector" library="MainPage">
<var>${menu_panel}</var>
<doc>By defualt returns expanded menu panel selector</doc>
<if>
<branch type="IF" condition="${active}">
<return>
<value>//*[@id="sidebar-wrapper"][@class="active"]</value>
<status status="PASS" starttime="20230226 17:10:03.438" endtime="20230226 17:10:03.438"/>
</return>
<status status="PASS" starttime="20230226 17:10:03.438" endtime="20230226 17:10:03.438"/>
</branch>
<branch type="ELSE">
<return>
<value>sidebar-wrapper</value>
<status status="NOT RUN" starttime="20230226 17:10:03.438" endtime="20230226 17:10:03.438"/>
</return>
<status status="NOT RUN" starttime="20230226 17:10:03.438" endtime="20230226 17:10:03.438"/>
</branch>
<status status="PASS" starttime="20230226 17:10:03.438" endtime="20230226 17:10:03.438"/>
</if>
<msg timestamp="20230226 17:10:03.438" level="INFO">${menu_panel} = //*[@id="sidebar-wrapper"][@class="active"]</msg>
<status status="PASS" starttime="20230226 17:10:03.435" endtime="20230226 17:10:03.438"/>
</kw>
<kw name="Run Keyword And Return Status" library="BuiltIn">
<var>${is_menu_panel_hidden}</var>
<arg>Element should be visible</arg>
<arg>${menu_panel}</arg>
<doc>Runs the given keyword with given arguments and returns the status as a Boolean value.</doc>
<kw name="Element Should Be Visible" library="SeleniumLibrary">
<arg>${menu_panel}</arg>
<doc>Verifies that the element identified by ``locator`` is visible.</doc>
<msg timestamp="20230226 17:10:03.438" level="FAIL">Element with locator '//*[@id="sidebar-wrapper"][@class="active"]' not found.</msg>
<status status="FAIL" starttime="20230226 17:10:03.438" endtime="20230226 17:10:03.438"/>
</kw>
<msg timestamp="20230226 17:10:03.438" level="INFO">${is_menu_panel_hidden} = False</msg>
<status status="PASS" starttime="20230226 17:10:03.438" endtime="20230226 17:10:03.438"/>
</kw>
<if>
<branch type="IF" condition="${is_menu_panel_hidden}==${FALSE}">
<kw name="Click Element" library="SeleniumLibrary">
<arg>${menu_button}</arg>
<doc>Click the element identified by ``locator``.</doc>
<msg timestamp="20230226 17:10:03.438" level="INFO">Clicking element 'menu-toggle'.</msg>
<status status="PASS" starttime="20230226 17:10:03.438" endtime="20230226 17:10:03.471"/>
</kw>
<status status="PASS" starttime="20230226 17:10:03.438" endtime="20230226 17:10:03.471"/>
</branch>
<status status="PASS" starttime="20230226 17:10:03.438" endtime="20230226 17:10:03.471"/>
</if>
<kw name="Wait Until Element Is Visible" library="SeleniumLibrary">
<arg>${menu_panel}</arg>
<doc>Waits until the element ``locator`` is visible.</doc>
<status status="PASS" starttime="20230226 17:10:03.471" endtime="20230226 17:10:03.488"/>
</kw>
<status status="PASS" starttime="20230226 17:10:03.435" endtime="20230226 17:10:03.488"/>
</kw>
<kw name="get menu option selector" library="MainPage">
<var>${login_option}</var>
<arg>Login</arg>
<doc>Accepts ${option}: Home, Login.</doc>
<msg timestamp="20230226 17:10:03.488" level="INFO">${login_option} = //*[@id="sidebar-wrapper"]//*[text()="Login"]</msg>
<status status="PASS" starttime="20230226 17:10:03.488" endtime="20230226 17:10:03.488"/>
</kw>
<kw name="get Login button selector" library="LoginPage">
<var>${login_button}</var>
<msg timestamp="20230226 17:10:03.488" level="INFO">${login_button} = btn-login</msg>
<status status="PASS" starttime="20230226 17:10:03.488" endtime="20230226 17:10:03.488"/>
</kw>
<kw name="Click Element" library="SeleniumLibrary">
<arg>${login_option}</arg>
<doc>Click the element identified by ``locator``.</doc>
<msg timestamp="20230226 17:10:03.488" level="INFO">Clicking element '//*[@id="sidebar-wrapper"]//*[text()="Login"]'.</msg>
<status status="PASS" starttime="20230226 17:10:03.488" endtime="20230226 17:10:03.520"/>
</kw>
<kw name="Wait Until Element Is Visible" library="SeleniumLibrary">
<arg>${login_button}</arg>
<doc>Waits until the element ``locator`` is visible.</doc>
<status status="PASS" starttime="20230226 17:10:03.520" endtime="20230226 17:10:03.537"/>
</kw>
<status status="PASS" starttime="20230226 17:10:03.435" endtime="20230226 17:10:03.537"/>
</kw>
<status status="PASS" starttime="20230226 17:10:03.435" endtime="20230226 17:10:03.537"/>
</kw>
<kw name="AND User enters login credentials">
<arg>${username}</arg>
<arg>${password}</arg>
<kw name="Enter login credentials" library="LoginPage">
<arg>${username}</arg>
<arg>${password}</arg>
<kw name="Enter login" library="LoginPage">
<arg>${username}</arg>
<kw name="get login input selector" library="LoginPage">
<var>${login_input}</var>
<msg timestamp="20230226 17:10:03.537" level="INFO">${login_input} = txt-username</msg>
<status status="PASS" starttime="20230226 17:10:03.537" endtime="20230226 17:10:03.537"/>
</kw>
<kw name="Input Text" library="SeleniumLibrary">
<arg>${login_input}</arg>
<arg>${username}</arg>
<doc>Types the given ``text`` into the text field identified by ``locator``.</doc>
<msg timestamp="20230226 17:10:03.537" level="INFO">Typing text 'John Doe' into text field 'txt-username'.</msg>
<status status="PASS" starttime="20230226 17:10:03.537" endtime="20230226 17:10:03.609"/>
</kw>
<status status="PASS" starttime="20230226 17:10:03.537" endtime="20230226 17:10:03.609"/>
</kw>
<kw name="Enter password" library="LoginPage">
<arg>${password}</arg>
<kw name="get password input selector" library="LoginPage">
<var>${password_input}</var>
<msg timestamp="20230226 17:10:03.609" level="INFO">${password_input} = txt-password</msg>
<status status="PASS" starttime="20230226 17:10:03.609" endtime="20230226 17:10:03.609"/>
</kw>
<kw name="Input Text" library="SeleniumLibrary">
<arg>${password_input}</arg>
<arg>${password}</arg>
<doc>Types the given ``text`` into the text field identified by ``locator``.</doc>
<msg timestamp="20230226 17:10:03.609" level="INFO">Typing text '' into text field 'txt-password'.</msg>
<status status="PASS" starttime="20230226 17:10:03.609" endtime="20230226 17:10:03.666"/>
</kw>
<status status="PASS" starttime="20230226 17:10:03.609" endtime="20230226 17:10:03.666"/>
</kw>
<status status="PASS" starttime="20230226 17:10:03.537" endtime="20230226 17:10:03.666"/>
</kw>
<status status="PASS" starttime="20230226 17:10:03.537" endtime="20230226 17:10:03.666"/>
</kw>
<kw name="AND User clicks on Login button">
<kw name="Click on Login button" library="LoginPage">
<kw name="get Login button selector" library="LoginPage">
<var>${login_button}</var>
<msg timestamp="20230226 17:10:03.666" level="INFO">${login_button} = btn-login</msg>
<status status="PASS" starttime="20230226 17:10:03.666" endtime="20230226 17:10:03.666"/>
</kw>
<kw name="Click Element" library="SeleniumLibrary">
<arg>${login_button}</arg>
<doc>Click the element identified by ``locator``.</doc>
<msg timestamp="20230226 17:10:03.666" level="INFO">Clicking element 'btn-login'.</msg>
<status status="PASS" starttime="20230226 17:10:03.666" endtime="20230226 17:10:04.010"/>
</kw>
<status status="PASS" starttime="20230226 17:10:03.666" endtime="20230226 17:10:04.010"/>
</kw>
<status status="PASS" starttime="20230226 17:10:03.666" endtime="20230226 17:10:04.010"/>
</kw>
<kw name="THEN Expected validation message is displayed to user">
<kw name="Run Keyword" library="BuiltIn">
<var>${expected_msg}</var>
<arg>MainPage.get ${expected_msg_alias} message</arg>
<doc>Executes the given keyword with the given arguments.</doc>
<kw name="get Login failed message" library="MainPage">
<status status="PASS" starttime="20230226 17:10:04.012" endtime="20230226 17:10:04.012"/>
</kw>
<msg timestamp="20230226 17:10:04.012" level="INFO">${expected_msg} = Login failed! Please ensure the username and password are valid.</msg>
<status status="PASS" starttime="20230226 17:10:04.010" endtime="20230226 17:10:04.012"/>
</kw>
<kw name="get Login failed message selector" library="MainPage">
<var>${error_msg}</var>
<msg timestamp="20230226 17:10:04.012" level="INFO">${error_msg} = //*[@class="lead text-danger"]</msg>
<status status="PASS" starttime="20230226 17:10:04.012" endtime="20230226 17:10:04.012"/>
</kw>
<kw name="Element Should Be Visible" library="SeleniumLibrary">
<arg>${error_msg}</arg>
<arg>msg=Error message is not displayed at all!</arg>
<doc>Verifies that the element identified by ``locator`` is visible.</doc>
<msg timestamp="20230226 17:10:04.029" level="INFO">Element '//*[@class="lead text-danger"]' is displayed.</msg>
<status status="PASS" starttime="20230226 17:10:04.012" endtime="20230226 17:10:04.029"/>
</kw>
<kw name="Get Text" library="SeleniumLibrary">
<var>${current_error_msg}</var>
<arg>${error_msg}</arg>
<doc>Returns the text value of the element identified by ``locator``.</doc>
<msg timestamp="20230226 17:10:04.062" level="INFO">${current_error_msg} = Login failed! Please ensure the username and password are valid.</msg>
<status status="PASS" starttime="20230226 17:10:04.029" endtime="20230226 17:10:04.062"/>
</kw>
<kw name="Should Be Equal As Strings" library="BuiltIn">
<arg>${current_error_msg}</arg>
<arg>${expected_msg}</arg>
<arg>msg=Validation message is not as expected!</arg>
<doc>Fails if objects are unequal after converting them to strings.</doc>
<status status="PASS" starttime="20230226 17:10:04.062" endtime="20230226 17:10:04.062"/>
</kw>
<status status="PASS" starttime="20230226 17:10:04.010" endtime="20230226 17:10:04.062"/>
</kw>
<status status="PASS" starttime="20230226 17:10:03.422" endtime="20230226 17:10:04.062"/>
</kw>
<kw name="End test" library="Common" type="TEARDOWN">
<kw name="Run Keyword If Test Failed" library="BuiltIn">
<arg>Capture Page Screenshot</arg>
<doc>Runs the given keyword with the given arguments, if the test failed.</doc>
<status status="PASS" starttime="20230226 17:10:04.071" endtime="20230226 17:10:04.071"/>
</kw>
<status status="PASS" starttime="20230226 17:10:04.070" endtime="20230226 17:10:04.071"/>
</kw>
<tag>critical</tag>
<tag>test-1</tag>
<status status="PASS" starttime="20230226 17:10:00.048" endtime="20230226 17:10:04.072"/>
</test>
<test id="s1-s1-t2" name="Test-2: Valid login to CURA selfcare service" line="23">
<kw name="GIVEN Main page is available">
<kw name="get main page Make Appointment button selector" library="MainPage">
<var>${main_page}</var>
<msg timestamp="20230226 17:10:04.072" level="INFO">${main_page} = btn-make-appointment</msg>
<status status="PASS" starttime="20230226 17:10:04.072" endtime="20230226 17:10:04.072"/>
</kw>
<kw name="Wait Until Element Is Visible" library="SeleniumLibrary">
<arg>${main_page}</arg>
<arg>timeout=${DEFAULT_TIMEOUT}</arg>
<doc>Waits until the element ``locator`` is visible.</doc>
<status status="PASS" starttime="20230226 17:10:04.072" endtime="20230226 17:10:04.087"/>
</kw>
<status status="PASS" starttime="20230226 17:10:04.072" endtime="20230226 17:10:04.087"/>
</kw>
<kw name="WHEN Users goes to Login page">
<kw name="Go to Login page" library="MainPage">
<kw name="Expand Menu if hidden" library="MainPage">
<kw name="get menu button selector" library="MainPage">
<var>${menu_button}</var>
<msg timestamp="20230226 17:10:04.087" level="INFO">${menu_button} = menu-toggle</msg>
<status status="PASS" starttime="20230226 17:10:04.087" endtime="20230226 17:10:04.087"/>
</kw>
<kw name="get menu panel selector" library="MainPage">
<var>${menu_panel}</var>
<doc>By defualt returns expanded menu panel selector</doc>
<if>
<branch type="IF" condition="${active}">
<return>
<value>//*[@id="sidebar-wrapper"][@class="active"]</value>
<status status="PASS" starttime="20230226 17:10:04.087" endtime="20230226 17:10:04.087"/>
</return>
<status status="PASS" starttime="20230226 17:10:04.087" endtime="20230226 17:10:04.087"/>
</branch>
<branch type="ELSE">
<return>
<value>sidebar-wrapper</value>
<status status="NOT RUN" starttime="20230226 17:10:04.087" endtime="20230226 17:10:04.087"/>
</return>
<status status="NOT RUN" starttime="20230226 17:10:04.087" endtime="20230226 17:10:04.087"/>
</branch>
<status status="PASS" starttime="20230226 17:10:04.087" endtime="20230226 17:10:04.087"/>
</if>
<msg timestamp="20230226 17:10:04.087" level="INFO">${menu_panel} = //*[@id="sidebar-wrapper"][@class="active"]</msg>
<status status="PASS" starttime="20230226 17:10:04.087" endtime="20230226 17:10:04.087"/>
</kw>
<kw name="Run Keyword And Return Status" library="BuiltIn">
<var>${is_menu_panel_hidden}</var>
<arg>Element should be visible</arg>
<arg>${menu_panel}</arg>
<doc>Runs the given keyword with given arguments and returns the status as a Boolean value.</doc>
<kw name="Element Should Be Visible" library="SeleniumLibrary">
<arg>${menu_panel}</arg>
<doc>Verifies that the element identified by ``locator`` is visible.</doc>
<msg timestamp="20230226 17:10:04.096" level="FAIL">Element with locator '//*[@id="sidebar-wrapper"][@class="active"]' not found.</msg>
<status status="FAIL" starttime="20230226 17:10:04.087" endtime="20230226 17:10:04.103"/>
</kw>
<msg timestamp="20230226 17:10:04.103" level="INFO">${is_menu_panel_hidden} = False</msg>
<status status="PASS" starttime="20230226 17:10:04.087" endtime="20230226 17:10:04.103"/>
</kw>
<if>
<branch type="IF" condition="${is_menu_panel_hidden}==${FALSE}">
<kw name="Click Element" library="SeleniumLibrary">
<arg>${menu_button}</arg>
<doc>Click the element identified by ``locator``.</doc>
<msg timestamp="20230226 17:10:04.103" level="INFO">Clicking element 'menu-toggle'.</msg>
<status status="PASS" starttime="20230226 17:10:04.103" endtime="20230226 17:10:04.144"/>
</kw>
<status status="PASS" starttime="20230226 17:10:04.103" endtime="20230226 17:10:04.144"/>
</branch>
<status status="PASS" starttime="20230226 17:10:04.103" endtime="20230226 17:10:04.144"/>
</if>
<kw name="Wait Until Element Is Visible" library="SeleniumLibrary">
<arg>${menu_panel}</arg>
<doc>Waits until the element ``locator`` is visible.</doc>
<status status="PASS" starttime="20230226 17:10:04.144" endtime="20230226 17:10:04.159"/>
</kw>
<status status="PASS" starttime="20230226 17:10:04.087" endtime="20230226 17:10:04.159"/>
</kw>
<kw name="get menu option selector" library="MainPage">
<var>${login_option}</var>
<arg>Login</arg>
<doc>Accepts ${option}: Home, Login.</doc>
<msg timestamp="20230226 17:10:04.166" level="INFO">${login_option} = //*[@id="sidebar-wrapper"]//*[text()="Login"]</msg>
<status status="PASS" starttime="20230226 17:10:04.159" endtime="20230226 17:10:04.166"/>
</kw>
<kw name="get Login button selector" library="LoginPage">
<var>${login_button}</var>
<msg timestamp="20230226 17:10:04.167" level="INFO">${login_button} = btn-login</msg>
<status status="PASS" starttime="20230226 17:10:04.166" endtime="20230226 17:10:04.167"/>
</kw>
<kw name="Click Element" library="SeleniumLibrary">
<arg>${login_option}</arg>
<doc>Click the element identified by ``locator``.</doc>
<msg timestamp="20230226 17:10:04.167" level="INFO">Clicking element '//*[@id="sidebar-wrapper"]//*[text()="Login"]'.</msg>
<status status="PASS" starttime="20230226 17:10:04.167" endtime="20230226 17:10:04.204"/>
</kw>
<kw name="Wait Until Element Is Visible" library="SeleniumLibrary">
<arg>${login_button}</arg>
<doc>Waits until the element ``locator`` is visible.</doc>
<status status="PASS" starttime="20230226 17:10:04.204" endtime="20230226 17:10:04.223"/>
</kw>
<status status="PASS" starttime="20230226 17:10:04.087" endtime="20230226 17:10:04.223"/>
</kw>
<status status="PASS" starttime="20230226 17:10:04.087" endtime="20230226 17:10:04.223"/>
</kw>
<kw name="AND User enters login credentials">
<kw name="Enter login credentials" library="LoginPage">
<arg>${username}</arg>
<arg>${password}</arg>
<kw name="Enter login" library="LoginPage">
<arg>${username}</arg>
<kw name="get login input selector" library="LoginPage">
<var>${login_input}</var>
<msg timestamp="20230226 17:10:04.223" level="INFO">${login_input} = txt-username</msg>
<status status="PASS" starttime="20230226 17:10:04.223" endtime="20230226 17:10:04.223"/>
</kw>
<kw name="Input Text" library="SeleniumLibrary">
<arg>${login_input}</arg>
<arg>${username}</arg>
<doc>Types the given ``text`` into the text field identified by ``locator``.</doc>
<msg timestamp="20230226 17:10:04.223" level="INFO">Typing text 'John Doe' into text field 'txt-username'.</msg>
<status status="PASS" starttime="20230226 17:10:04.223" endtime="20230226 17:10:04.307"/>
</kw>
<status status="PASS" starttime="20230226 17:10:04.223" endtime="20230226 17:10:04.307"/>
</kw>
<kw name="Enter password" library="LoginPage">
<arg>${password}</arg>
<kw name="get password input selector" library="LoginPage">
<var>${password_input}</var>
<msg timestamp="20230226 17:10:04.307" level="INFO">${password_input} = txt-password</msg>
<status status="PASS" starttime="20230226 17:10:04.307" endtime="20230226 17:10:04.307"/>
</kw>
<kw name="Input Text" library="SeleniumLibrary">
<arg>${password_input}</arg>
<arg>${password}</arg>
<doc>Types the given ``text`` into the text field identified by ``locator``.</doc>
<msg timestamp="20230226 17:10:04.307" level="INFO">Typing text 'ThisIsNotAPassword' into text field 'txt-password'.</msg>
<status status="PASS" starttime="20230226 17:10:04.307" endtime="20230226 17:10:04.393"/>
</kw>
<status status="PASS" starttime="20230226 17:10:04.307" endtime="20230226 17:10:04.393"/>
</kw>
<status status="PASS" starttime="20230226 17:10:04.223" endtime="20230226 17:10:04.393"/>
</kw>
<status status="PASS" starttime="20230226 17:10:04.223" endtime="20230226 17:10:04.393"/>
</kw>
<kw name="AND User clicks on Login button">
<kw name="Click on Login button" library="LoginPage">
<kw name="get Login button selector" library="LoginPage">
<var>${login_button}</var>
<msg timestamp="20230226 17:10:04.393" level="INFO">${login_button} = btn-login</msg>
<status status="PASS" starttime="20230226 17:10:04.393" endtime="20230226 17:10:04.393"/>
</kw>
<kw name="Click Element" library="SeleniumLibrary">
<arg>${login_button}</arg>
<doc>Click the element identified by ``locator``.</doc>
<msg timestamp="20230226 17:10:04.393" level="INFO">Clicking element 'btn-login'.</msg>
<status status="PASS" starttime="20230226 17:10:04.393" endtime="20230226 17:10:04.930"/>
</kw>
<status status="PASS" starttime="20230226 17:10:04.393" endtime="20230226 17:10:04.930"/>
</kw>
<status status="PASS" starttime="20230226 17:10:04.393" endtime="20230226 17:10:04.930"/>
</kw>
<kw name="THEN User is successfully logged in">
<kw name="get Book Appointment button selector" library="AppointmentPage">
<var>${appointment_page}</var>
<msg timestamp="20230226 17:10:04.933" level="INFO">${appointment_page} = btn-book-appointment</msg>
<status status="PASS" starttime="20230226 17:10:04.933" endtime="20230226 17:10:04.933"/>
</kw>
<kw name="Wait Until Element Is Visible" library="SeleniumLibrary">
<arg>${appointment_page}</arg>
<arg>timeout=${DEFAULT_TIMEOUT}</arg>
<doc>Waits until the element ``locator`` is visible.</doc>
<status status="PASS" starttime="20230226 17:10:04.933" endtime="20230226 17:10:04.985"/>
</kw>
<status status="PASS" starttime="20230226 17:10:04.930" endtime="20230226 17:10:04.985"/>
</kw>
<kw name="End test" library="Common" type="TEARDOWN">
<kw name="Run Keyword If Test Failed" library="BuiltIn">
<arg>Capture Page Screenshot</arg>
<doc>Runs the given keyword with the given arguments, if the test failed.</doc>
<status status="PASS" starttime="20230226 17:10:04.985" endtime="20230226 17:10:04.985"/>
</kw>
<status status="PASS" starttime="20230226 17:10:04.985" endtime="20230226 17:10:04.985"/>
</kw>
<tag>critical</tag>
<tag>test-2</tag>
<status status="PASS" starttime="20230226 17:10:04.072" endtime="20230226 17:10:04.985"/>
</test>
<kw name="Close Browser" library="SeleniumLibrary" type="TEARDOWN">
<doc>Closes the current browser.</doc>
<status status="PASS" starttime="20230226 17:10:04.988" endtime="20230226 17:10:07.093"/>
</kw>
<doc>This is an example of BDD testing in RobotFramework</doc>
<status status="PASS" starttime="20230226 17:09:55.832" endtime="20230226 17:10:07.093"/>
</suite>
<status status="PASS" starttime="20230226 17:09:55.813" endtime="20230226 17:10:07.093"/>
</suite>
<statistics>
<total>
<stat pass="2" fail="0" skip="0">All Tests</stat>
</total>
<tag>
<stat pass="2" fail="0" skip="0">critical</stat>
<stat pass="1" fail="0" skip="0">test-1</stat>
<stat pass="1" fail="0" skip="0">test-2</stat>
</tag>
<suite>
<stat pass="2" fail="0" skip="0" id="s1" name="Tests">Tests</stat>
<stat pass="2" fail="0" skip="0" id="s1-s1" name="Login">Tests.Login</stat>
</suite>
</statistics>
<errors>
</errors>
</robot>
